{"D:\\ReactJs\\geektrust\\admin-ui\\src\\App.js": {"path":"D:\\ReactJs\\geektrust\\admin-ui\\src\\App.js","statementMap":{"0":{"start":{"line":10,"column":12},"end":{"line":10,"column":92}},"1":{"start":{"line":13,"column":40},"end":{"line":13,"column":52}},"2":{"start":{"line":14,"column":36},"end":{"line":14,"column":48}},"3":{"start":{"line":15,"column":28},"end":{"line":15,"column":40}},"4":{"start":{"line":18,"column":2},"end":{"line":20,"column":8}},"5":{"start":{"line":19,"column":4},"end":{"line":19,"column":15}},"6":{"start":{"line":22,"column":20},"end":{"line":36,"column":3}},"7":{"start":{"line":23,"column":4},"end":{"line":34,"column":49}},"8":{"start":{"line":26,"column":8},"end":{"line":26,"column":53}},"9":{"start":{"line":26,"column":37},"end":{"line":26,"column":53}},"10":{"start":{"line":27,"column":8},"end":{"line":27,"column":71}},"11":{"start":{"line":31,"column":8},"end":{"line":31,"column":33}},"12":{"start":{"line":32,"column":8},"end":{"line":32,"column":29}},"13":{"start":{"line":34,"column":24},"end":{"line":34,"column":47}},"14":{"start":{"line":38,"column":24},"end":{"line":43,"column":3}},"15":{"start":{"line":39,"column":16},"end":{"line":39,"column":60}},"16":{"start":{"line":39,"column":45},"end":{"line":39,"column":59}},"17":{"start":{"line":41,"column":4},"end":{"line":41,"column":20}},"18":{"start":{"line":42,"column":4},"end":{"line":42,"column":24}},"19":{"start":{"line":45,"column":28},"end":{"line":53,"column":3}},"20":{"start":{"line":46,"column":4},"end":{"line":46,"column":22}},"21":{"start":{"line":47,"column":21},"end":{"line":47,"column":71}},"22":{"start":{"line":47,"column":51},"end":{"line":47,"column":69}},"23":{"start":{"line":48,"column":4},"end":{"line":48,"column":41}},"24":{"start":{"line":49,"column":4},"end":{"line":49,"column":42}},"25":{"start":{"line":50,"column":4},"end":{"line":50,"column":41}},"26":{"start":{"line":52,"column":4},"end":{"line":52,"column":32}},"27":{"start":{"line":55,"column":34},"end":{"line":74,"column":3}},"28":{"start":{"line":57,"column":4},"end":{"line":73,"column":5}},"29":{"start":{"line":58,"column":6},"end":{"line":58,"column":51}},"30":{"start":{"line":60,"column":28},"end":{"line":60,"column":39}},"31":{"start":{"line":61,"column":6},"end":{"line":69,"column":7}},"32":{"start":{"line":63,"column":20},"end":{"line":65,"column":9}},"33":{"start":{"line":64,"column":10},"end":{"line":64,"column":24}},"34":{"start":{"line":67,"column":8},"end":{"line":67,"column":30}},"35":{"start":{"line":70,"column":6},"end":{"line":70,"column":38}},"36":{"start":{"line":72,"column":6},"end":{"line":72,"column":34}},"37":{"start":{"line":76,"column":21},"end":{"line":91,"column":3}},"38":{"start":{"line":78,"column":4},"end":{"line":90,"column":5}},"39":{"start":{"line":80,"column":6},"end":{"line":80,"column":34}},"40":{"start":{"line":84,"column":21},"end":{"line":88,"column":8}},"41":{"start":{"line":85,"column":8},"end":{"line":87,"column":74}},"42":{"start":{"line":89,"column":6},"end":{"line":89,"column":29}},"43":{"start":{"line":93,"column":2},"end":{"line":93,"column":37}},"44":{"start":{"line":93,"column":13},"end":{"line":93,"column":37}},"45":{"start":{"line":95,"column":2},"end":{"line":118,"column":4}}},"fnMap":{"0":{"name":"App","decl":{"start":{"line":7,"column":9},"end":{"line":7,"column":12}},"loc":{"start":{"line":7,"column":15},"end":{"line":119,"column":1}},"line":7},"1":{"name":"(anonymous_1)","decl":{"start":{"line":18,"column":12},"end":{"line":18,"column":13}},"loc":{"start":{"line":18,"column":18},"end":{"line":20,"column":3}},"line":18},"2":{"name":"(anonymous_2)","decl":{"start":{"line":22,"column":20},"end":{"line":22,"column":21}},"loc":{"start":{"line":22,"column":26},"end":{"line":36,"column":3}},"line":22},"3":{"name":"(anonymous_3)","decl":{"start":{"line":24,"column":12},"end":{"line":24,"column":13}},"loc":{"start":{"line":24,"column":21},"end":{"line":28,"column":7}},"line":24},"4":{"name":"(anonymous_4)","decl":{"start":{"line":29,"column":12},"end":{"line":29,"column":13}},"loc":{"start":{"line":29,"column":26},"end":{"line":33,"column":7}},"line":29},"5":{"name":"(anonymous_5)","decl":{"start":{"line":34,"column":13},"end":{"line":34,"column":14}},"loc":{"start":{"line":34,"column":24},"end":{"line":34,"column":47}},"line":34},"6":{"name":"(anonymous_6)","decl":{"start":{"line":38,"column":24},"end":{"line":38,"column":25}},"loc":{"start":{"line":38,"column":32},"end":{"line":43,"column":3}},"line":38},"7":{"name":"(anonymous_7)","decl":{"start":{"line":39,"column":35},"end":{"line":39,"column":36}},"loc":{"start":{"line":39,"column":45},"end":{"line":39,"column":59}},"line":39},"8":{"name":"(anonymous_8)","decl":{"start":{"line":45,"column":28},"end":{"line":45,"column":29}},"loc":{"start":{"line":45,"column":38},"end":{"line":53,"column":3}},"line":45},"9":{"name":"(anonymous_9)","decl":{"start":{"line":47,"column":44},"end":{"line":47,"column":45}},"loc":{"start":{"line":47,"column":51},"end":{"line":47,"column":69}},"line":47},"10":{"name":"(anonymous_10)","decl":{"start":{"line":55,"column":34},"end":{"line":55,"column":35}},"loc":{"start":{"line":55,"column":46},"end":{"line":74,"column":3}},"line":55},"11":{"name":"(anonymous_11)","decl":{"start":{"line":63,"column":43},"end":{"line":63,"column":44}},"loc":{"start":{"line":64,"column":10},"end":{"line":64,"column":24}},"line":64},"12":{"name":"(anonymous_12)","decl":{"start":{"line":76,"column":21},"end":{"line":76,"column":22}},"loc":{"start":{"line":76,"column":32},"end":{"line":91,"column":3}},"line":76},"13":{"name":"(anonymous_13)","decl":{"start":{"line":84,"column":40},"end":{"line":84,"column":41}},"loc":{"start":{"line":85,"column":8},"end":{"line":87,"column":74}},"line":85}},"branchMap":{"0":{"loc":{"start":{"line":26,"column":8},"end":{"line":26,"column":53}},"type":"if","locations":[{"start":{"line":26,"column":8},"end":{"line":26,"column":53}},{"start":{},"end":{}}],"line":26},"1":{"loc":{"start":{"line":57,"column":4},"end":{"line":73,"column":5}},"type":"if","locations":[{"start":{"line":57,"column":4},"end":{"line":73,"column":5}},{"start":{"line":59,"column":11},"end":{"line":73,"column":5}}],"line":57},"2":{"loc":{"start":{"line":78,"column":4},"end":{"line":90,"column":5}},"type":"if","locations":[{"start":{"line":78,"column":4},"end":{"line":90,"column":5}},{"start":{"line":82,"column":11},"end":{"line":90,"column":5}}],"line":78},"3":{"loc":{"start":{"line":85,"column":8},"end":{"line":87,"column":74}},"type":"binary-expr","locations":[{"start":{"line":85,"column":8},"end":{"line":85,"column":74}},{"start":{"line":86,"column":8},"end":{"line":86,"column":75}},{"start":{"line":87,"column":8},"end":{"line":87,"column":74}}],"line":85},"4":{"loc":{"start":{"line":93,"column":2},"end":{"line":93,"column":37}},"type":"if","locations":[{"start":{"line":93,"column":2},"end":{"line":93,"column":37}},{"start":{},"end":{}}],"line":93},"5":{"loc":{"start":{"line":114,"column":7},"end":{"line":114,"column":60}},"type":"binary-expr","locations":[{"start":{"line":114,"column":7},"end":{"line":114,"column":31}},{"start":{"line":114,"column":35},"end":{"line":114,"column":60}}],"line":114}},"s":{"0":6,"1":6,"2":6,"3":6,"4":6,"5":3,"6":6,"7":3,"8":2,"9":2,"10":0,"11":2,"12":2,"13":0,"14":6,"15":1,"16":46,"17":1,"18":1,"19":6,"20":0,"21":0,"22":0,"23":0,"24":0,"25":0,"26":0,"27":6,"28":1,"29":1,"30":0,"31":0,"32":0,"33":0,"34":0,"35":0,"36":0,"37":6,"38":0,"39":0,"40":0,"41":0,"42":0,"43":6,"44":0,"45":6},"f":{"0":6,"1":3,"2":3,"3":2,"4":2,"5":0,"6":1,"7":46,"8":0,"9":0,"10":1,"11":0,"12":0,"13":0},"b":{"0":[2,0],"1":[1,0],"2":[0,0],"3":[0,0,0],"4":[0,6],"5":[6,3]},"_coverageSchema":"1a1c01bbd47fc00a2c39e90264f33305004495a9","hash":"a32aaf7f51cb222eaf53fb0679c30f7336b2a3ad"}
,"D:\\ReactJs\\geektrust\\admin-ui\\src\\index.js": {"path":"D:\\ReactJs\\geektrust\\admin-ui\\src\\index.js","statementMap":{"0":{"start":{"line":6,"column":13},"end":{"line":6,"column":65}},"1":{"start":{"line":7,"column":0},"end":{"line":7,"column":21}}},"fnMap":{},"branchMap":{},"s":{"0":0,"1":0},"f":{},"b":{}}
,"D:\\ReactJs\\geektrust\\admin-ui\\src\\components\\Pagination\\Pagination.js": {"path":"D:\\ReactJs\\geektrust\\admin-ui\\src\\components\\Pagination\\Pagination.js","statementMap":{"0":{"start":{"line":5,"column":19},"end":{"line":66,"column":1}},"1":{"start":{"line":9,"column":31},"end":{"line":15,"column":5}},"2":{"start":{"line":10,"column":8},"end":{"line":13,"column":9}},"3":{"start":{"line":11,"column":24},"end":{"line":11,"column":95}},"4":{"start":{"line":12,"column":12},"end":{"line":12,"column":86}},"5":{"start":{"line":12,"column":69},"end":{"line":12,"column":84}},"6":{"start":{"line":14,"column":8},"end":{"line":14,"column":78}},"7":{"start":{"line":14,"column":65},"end":{"line":14,"column":76}},"8":{"start":{"line":17,"column":4},"end":{"line":65,"column":6}},"9":{"start":{"line":38,"column":20},"end":{"line":44,"column":29}}},"fnMap":{"0":{"name":"(anonymous_0)","decl":{"start":{"line":5,"column":19},"end":{"line":5,"column":20}},"loc":{"start":{"line":5,"column":30},"end":{"line":66,"column":1}},"line":5},"1":{"name":"(anonymous_1)","decl":{"start":{"line":9,"column":31},"end":{"line":9,"column":32}},"loc":{"start":{"line":9,"column":37},"end":{"line":15,"column":5}},"line":9},"2":{"name":"(anonymous_2)","decl":{"start":{"line":12,"column":57},"end":{"line":12,"column":58}},"loc":{"start":{"line":12,"column":69},"end":{"line":12,"column":84}},"line":12},"3":{"name":"(anonymous_3)","decl":{"start":{"line":14,"column":53},"end":{"line":14,"column":54}},"loc":{"start":{"line":14,"column":65},"end":{"line":14,"column":76}},"line":14},"4":{"name":"(anonymous_4)","decl":{"start":{"line":37,"column":42},"end":{"line":37,"column":43}},"loc":{"start":{"line":38,"column":20},"end":{"line":44,"column":29}},"line":38}},"branchMap":{"0":{"loc":{"start":{"line":10,"column":8},"end":{"line":13,"column":9}},"type":"if","locations":[{"start":{"line":10,"column":8},"end":{"line":13,"column":9}},{"start":{},"end":{}}],"line":10},"1":{"loc":{"start":{"line":23,"column":39},"end":{"line":23,"column":80}},"type":"cond-expr","locations":[{"start":{"line":23,"column":65},"end":{"line":23,"column":75}},{"start":{"line":23,"column":78},"end":{"line":23,"column":80}}],"line":23},"2":{"loc":{"start":{"line":31,"column":39},"end":{"line":31,"column":80}},"type":"cond-expr","locations":[{"start":{"line":31,"column":65},"end":{"line":31,"column":75}},{"start":{"line":31,"column":78},"end":{"line":31,"column":80}}],"line":31},"3":{"loc":{"start":{"line":41,"column":53},"end":{"line":41,"column":97}},"type":"cond-expr","locations":[{"start":{"line":41,"column":82},"end":{"line":41,"column":90}},{"start":{"line":41,"column":93},"end":{"line":41,"column":97}}],"line":41},"4":{"loc":{"start":{"line":51,"column":39},"end":{"line":51,"column":90}},"type":"cond-expr","locations":[{"start":{"line":51,"column":75},"end":{"line":51,"column":85}},{"start":{"line":51,"column":88},"end":{"line":51,"column":90}}],"line":51},"5":{"loc":{"start":{"line":59,"column":39},"end":{"line":59,"column":90}},"type":"cond-expr","locations":[{"start":{"line":59,"column":75},"end":{"line":59,"column":85}},{"start":{"line":59,"column":88},"end":{"line":59,"column":90}}],"line":59}},"s":{"0":3,"1":7,"2":7,"3":7,"4":7,"5":35,"6":0,"7":0,"8":7,"9":35},"f":{"0":7,"1":7,"2":35,"3":0,"4":35},"b":{"0":[7,0],"1":[7,0],"2":[7,0],"3":[7,28],"4":[0,7],"5":[0,7]},"_coverageSchema":"1a1c01bbd47fc00a2c39e90264f33305004495a9","hash":"dfc188da6b61b379bfad08b332053cfcb69627e0"}
,"D:\\ReactJs\\geektrust\\admin-ui\\src\\components\\SpecificUserData\\SpecificUserData.js": {"path":"D:\\ReactJs\\geektrust\\admin-ui\\src\\components\\SpecificUserData\\SpecificUserData.js","statementMap":{"0":{"start":{"line":13,"column":32},"end":{"line":13,"column":47}},"1":{"start":{"line":14,"column":34},"end":{"line":14,"column":49}},"2":{"start":{"line":15,"column":38},"end":{"line":15,"column":50}},"3":{"start":{"line":17,"column":20},"end":{"line":17,"column":28}},"4":{"start":{"line":18,"column":21},"end":{"line":18,"column":29}},"5":{"start":{"line":19,"column":20},"end":{"line":19,"column":28}},"6":{"start":{"line":21,"column":23},"end":{"line":23,"column":5}},"7":{"start":{"line":22,"column":8},"end":{"line":22,"column":43}},"8":{"start":{"line":24,"column":21},"end":{"line":37,"column":5}},"9":{"start":{"line":25,"column":8},"end":{"line":32,"column":9}},"10":{"start":{"line":26,"column":24},"end":{"line":28,"column":13}},"11":{"start":{"line":27,"column":16},"end":{"line":27,"column":33}},"12":{"start":{"line":29,"column":12},"end":{"line":29,"column":35}},"13":{"start":{"line":31,"column":12},"end":{"line":31,"column":51}},"14":{"start":{"line":33,"column":8},"end":{"line":33,"column":40}},"15":{"start":{"line":39,"column":27},"end":{"line":57,"column":5}},"16":{"start":{"line":41,"column":8},"end":{"line":54,"column":9}},"17":{"start":{"line":46,"column":12},"end":{"line":52,"column":13}},"18":{"start":{"line":47,"column":16},"end":{"line":47,"column":111}},"19":{"start":{"line":48,"column":16},"end":{"line":48,"column":33}},"20":{"start":{"line":49,"column":16},"end":{"line":49,"column":33}},"21":{"start":{"line":51,"column":16},"end":{"line":51,"column":47}},"22":{"start":{"line":59,"column":19},"end":{"line":62,"column":5}},"23":{"start":{"line":60,"column":8},"end":{"line":60,"column":24}},"24":{"start":{"line":61,"column":8},"end":{"line":61,"column":26}},"25":{"start":{"line":65,"column":4},"end":{"line":125,"column":6}},"26":{"start":{"line":81,"column":43},"end":{"line":81,"column":60}},"27":{"start":{"line":90,"column":43},"end":{"line":90,"column":60}},"28":{"start":{"line":99,"column":43},"end":{"line":99,"column":60}},"29":{"start":{"line":106,"column":48},"end":{"line":106,"column":70}}},"fnMap":{"0":{"name":"SpecificUserData","decl":{"start":{"line":11,"column":9},"end":{"line":11,"column":25}},"loc":{"start":{"line":11,"column":33},"end":{"line":126,"column":1}},"line":11},"1":{"name":"(anonymous_1)","decl":{"start":{"line":21,"column":23},"end":{"line":21,"column":24}},"loc":{"start":{"line":21,"column":29},"end":{"line":23,"column":5}},"line":21},"2":{"name":"(anonymous_2)","decl":{"start":{"line":24,"column":21},"end":{"line":24,"column":22}},"loc":{"start":{"line":24,"column":27},"end":{"line":37,"column":5}},"line":24},"3":{"name":"(anonymous_3)","decl":{"start":{"line":26,"column":42},"end":{"line":26,"column":43}},"loc":{"start":{"line":27,"column":16},"end":{"line":27,"column":33}},"line":27},"4":{"name":"(anonymous_4)","decl":{"start":{"line":39,"column":27},"end":{"line":39,"column":28}},"loc":{"start":{"line":39,"column":38},"end":{"line":57,"column":5}},"line":39},"5":{"name":"(anonymous_5)","decl":{"start":{"line":59,"column":19},"end":{"line":59,"column":20}},"loc":{"start":{"line":59,"column":25},"end":{"line":62,"column":5}},"line":59},"6":{"name":"(anonymous_6)","decl":{"start":{"line":81,"column":36},"end":{"line":81,"column":37}},"loc":{"start":{"line":81,"column":43},"end":{"line":81,"column":60}},"line":81},"7":{"name":"(anonymous_7)","decl":{"start":{"line":90,"column":36},"end":{"line":90,"column":37}},"loc":{"start":{"line":90,"column":43},"end":{"line":90,"column":60}},"line":90},"8":{"name":"(anonymous_8)","decl":{"start":{"line":99,"column":36},"end":{"line":99,"column":37}},"loc":{"start":{"line":99,"column":43},"end":{"line":99,"column":60}},"line":99},"9":{"name":"(anonymous_9)","decl":{"start":{"line":106,"column":41},"end":{"line":106,"column":42}},"loc":{"start":{"line":106,"column":48},"end":{"line":106,"column":70}},"line":106}},"branchMap":{"0":{"loc":{"start":{"line":25,"column":8},"end":{"line":32,"column":9}},"type":"if","locations":[{"start":{"line":25,"column":8},"end":{"line":32,"column":9}},{"start":{"line":30,"column":15},"end":{"line":32,"column":9}}],"line":25},"1":{"loc":{"start":{"line":41,"column":8},"end":{"line":54,"column":9}},"type":"if","locations":[{"start":{"line":41,"column":8},"end":{"line":54,"column":9}},{"start":{},"end":{}}],"line":41},"2":{"loc":{"start":{"line":41,"column":12},"end":{"line":41,"column":53}},"type":"binary-expr","locations":[{"start":{"line":41,"column":12},"end":{"line":41,"column":33}},{"start":{"line":41,"column":37},"end":{"line":41,"column":53}}],"line":41},"3":{"loc":{"start":{"line":46,"column":12},"end":{"line":52,"column":13}},"type":"if","locations":[{"start":{"line":46,"column":12},"end":{"line":52,"column":13}},{"start":{"line":50,"column":19},"end":{"line":52,"column":13}}],"line":46},"4":{"loc":{"start":{"line":46,"column":16},"end":{"line":46,"column":127}},"type":"binary-expr","locations":[{"start":{"line":46,"column":16},"end":{"line":46,"column":50}},{"start":{"line":46,"column":54},"end":{"line":46,"column":89}},{"start":{"line":46,"column":93},"end":{"line":46,"column":127}}],"line":46},"5":{"loc":{"start":{"line":78,"column":44},"end":{"line":78,"column":99}},"type":"cond-expr","locations":[{"start":{"line":78,"column":65},"end":{"line":78,"column":81}},{"start":{"line":78,"column":84},"end":{"line":78,"column":99}}],"line":78},"6":{"loc":{"start":{"line":78,"column":44},"end":{"line":78,"column":62}},"type":"binary-expr","locations":[{"start":{"line":78,"column":44},"end":{"line":78,"column":50}},{"start":{"line":78,"column":54},"end":{"line":78,"column":62}}],"line":78},"7":{"loc":{"start":{"line":79,"column":37},"end":{"line":79,"column":73}},"type":"cond-expr","locations":[{"start":{"line":79,"column":58},"end":{"line":79,"column":60}},{"start":{"line":79,"column":63},"end":{"line":79,"column":73}}],"line":79},"8":{"loc":{"start":{"line":79,"column":37},"end":{"line":79,"column":55}},"type":"binary-expr","locations":[{"start":{"line":79,"column":37},"end":{"line":79,"column":43}},{"start":{"line":79,"column":47},"end":{"line":79,"column":55}}],"line":79},"9":{"loc":{"start":{"line":87,"column":44},"end":{"line":87,"column":99}},"type":"cond-expr","locations":[{"start":{"line":87,"column":65},"end":{"line":87,"column":81}},{"start":{"line":87,"column":84},"end":{"line":87,"column":99}}],"line":87},"10":{"loc":{"start":{"line":87,"column":44},"end":{"line":87,"column":62}},"type":"binary-expr","locations":[{"start":{"line":87,"column":44},"end":{"line":87,"column":50}},{"start":{"line":87,"column":54},"end":{"line":87,"column":62}}],"line":87},"11":{"loc":{"start":{"line":88,"column":37},"end":{"line":88,"column":73}},"type":"cond-expr","locations":[{"start":{"line":88,"column":58},"end":{"line":88,"column":60}},{"start":{"line":88,"column":63},"end":{"line":88,"column":73}}],"line":88},"12":{"loc":{"start":{"line":88,"column":37},"end":{"line":88,"column":55}},"type":"binary-expr","locations":[{"start":{"line":88,"column":37},"end":{"line":88,"column":43}},{"start":{"line":88,"column":47},"end":{"line":88,"column":55}}],"line":88},"13":{"loc":{"start":{"line":96,"column":44},"end":{"line":96,"column":99}},"type":"cond-expr","locations":[{"start":{"line":96,"column":65},"end":{"line":96,"column":81}},{"start":{"line":96,"column":84},"end":{"line":96,"column":99}}],"line":96},"14":{"loc":{"start":{"line":96,"column":44},"end":{"line":96,"column":62}},"type":"binary-expr","locations":[{"start":{"line":96,"column":44},"end":{"line":96,"column":50}},{"start":{"line":96,"column":54},"end":{"line":96,"column":62}}],"line":96},"15":{"loc":{"start":{"line":97,"column":37},"end":{"line":97,"column":73}},"type":"cond-expr","locations":[{"start":{"line":97,"column":58},"end":{"line":97,"column":60}},{"start":{"line":97,"column":63},"end":{"line":97,"column":73}}],"line":97},"16":{"loc":{"start":{"line":97,"column":37},"end":{"line":97,"column":55}},"type":"binary-expr","locations":[{"start":{"line":97,"column":37},"end":{"line":97,"column":43}},{"start":{"line":97,"column":47},"end":{"line":97,"column":55}}],"line":97},"17":{"loc":{"start":{"line":103,"column":25},"end":{"line":116,"column":34}},"type":"cond-expr","locations":[{"start":{"line":104,"column":28},"end":{"line":107,"column":49}},{"start":{"line":108,"column":28},"end":{"line":116,"column":34}}],"line":103}},"s":{"0":32,"1":31,"2":31,"3":31,"4":31,"5":31,"6":31,"7":1,"8":31,"9":0,"10":0,"11":0,"12":0,"13":0,"14":0,"15":31,"16":0,"17":0,"18":0,"19":0,"20":0,"21":0,"22":31,"23":0,"24":0,"25":31,"26":0,"27":0,"28":0,"29":0},"f":{"0":32,"1":1,"2":0,"3":0,"4":0,"5":0,"6":0,"7":0,"8":0,"9":0},"b":{"0":[0,0],"1":[0,0],"2":[0,0],"3":[0,0],"4":[0,0,0],"5":[0,31],"6":[31,0],"7":[0,31],"8":[31,0],"9":[0,31],"10":[31,0],"11":[0,31],"12":[31,0],"13":[0,31],"14":[31,0],"15":[0,31],"16":[31,0],"17":[0,31]},"_coverageSchema":"1a1c01bbd47fc00a2c39e90264f33305004495a9","hash":"65e408ea8c16a60c52c7a751fc15da743358515d"}
,"D:\\ReactJs\\geektrust\\admin-ui\\src\\components\\UserData\\UserData.js": {"path":"D:\\ReactJs\\geektrust\\admin-ui\\src\\components\\UserData\\UserData.js","statementMap":{"0":{"start":{"line":11,"column":20},"end":{"line":11,"column":78}},"1":{"start":{"line":15,"column":42},"end":{"line":15,"column":53}},"2":{"start":{"line":16,"column":40},"end":{"line":16,"column":52}},"3":{"start":{"line":18,"column":25},"end":{"line":31,"column":5}},"4":{"start":{"line":20,"column":8},"end":{"line":27,"column":9}},"5":{"start":{"line":21,"column":24},"end":{"line":23,"column":13}},"6":{"start":{"line":22,"column":16},"end":{"line":22,"column":27}},"7":{"start":{"line":24,"column":12},"end":{"line":24,"column":31}},"8":{"start":{"line":26,"column":12},"end":{"line":26,"column":47}},"9":{"start":{"line":33,"column":26},"end":{"line":35,"column":5}},"10":{"start":{"line":34,"column":8},"end":{"line":34,"column":33}},"11":{"start":{"line":37,"column":29},"end":{"line":39,"column":5}},"12":{"start":{"line":38,"column":8},"end":{"line":38,"column":48}},"13":{"start":{"line":41,"column":25},"end":{"line":43,"column":5}},"14":{"start":{"line":42,"column":8},"end":{"line":42,"column":109}},"15":{"start":{"line":42,"column":33},"end":{"line":42,"column":107}},"16":{"start":{"line":45,"column":29},"end":{"line":48,"column":5}},"17":{"start":{"line":47,"column":8},"end":{"line":47,"column":66}},"18":{"start":{"line":47,"column":33},"end":{"line":47,"column":64}},"19":{"start":{"line":50,"column":23},"end":{"line":62,"column":5}},"20":{"start":{"line":51,"column":8},"end":{"line":61,"column":9}},"21":{"start":{"line":52,"column":31},"end":{"line":52,"column":32}},"22":{"start":{"line":53,"column":12},"end":{"line":53,"column":39}},"23":{"start":{"line":54,"column":15},"end":{"line":61,"column":9}},"24":{"start":{"line":55,"column":31},"end":{"line":55,"column":79}},"25":{"start":{"line":56,"column":12},"end":{"line":56,"column":39}},"26":{"start":{"line":59,"column":31},"end":{"line":59,"column":63}},"27":{"start":{"line":60,"column":12},"end":{"line":60,"column":39}},"28":{"start":{"line":64,"column":29},"end":{"line":68,"column":5}},"29":{"start":{"line":65,"column":27},"end":{"line":65,"column":74}},"30":{"start":{"line":66,"column":25},"end":{"line":66,"column":53}},"31":{"start":{"line":67,"column":8},"end":{"line":67,"column":55}},"32":{"start":{"line":72,"column":22},"end":{"line":83,"column":5}},"33":{"start":{"line":73,"column":18},"end":{"line":73,"column":20}},"34":{"start":{"line":75,"column":20},"end":{"line":75,"column":38}},"35":{"start":{"line":76,"column":8},"end":{"line":80,"column":9}},"36":{"start":{"line":78,"column":12},"end":{"line":78,"column":36}},"37":{"start":{"line":79,"column":12},"end":{"line":79,"column":53}},"38":{"start":{"line":81,"column":8},"end":{"line":81,"column":32}},"39":{"start":{"line":85,"column":4},"end":{"line":137,"column":6}},"40":{"start":{"line":103,"column":20},"end":{"line":112,"column":22}}},"fnMap":{"0":{"name":"UserData","decl":{"start":{"line":9,"column":9},"end":{"line":9,"column":17}},"loc":{"start":{"line":9,"column":25},"end":{"line":138,"column":1}},"line":9},"1":{"name":"(anonymous_1)","decl":{"start":{"line":18,"column":25},"end":{"line":18,"column":26}},"loc":{"start":{"line":18,"column":33},"end":{"line":31,"column":5}},"line":18},"2":{"name":"(anonymous_2)","decl":{"start":{"line":21,"column":42},"end":{"line":21,"column":43}},"loc":{"start":{"line":22,"column":16},"end":{"line":22,"column":27}},"line":22},"3":{"name":"(anonymous_3)","decl":{"start":{"line":33,"column":26},"end":{"line":33,"column":27}},"loc":{"start":{"line":33,"column":38},"end":{"line":35,"column":5}},"line":33},"4":{"name":"(anonymous_4)","decl":{"start":{"line":37,"column":29},"end":{"line":37,"column":30}},"loc":{"start":{"line":37,"column":35},"end":{"line":39,"column":5}},"line":37},"5":{"name":"(anonymous_5)","decl":{"start":{"line":41,"column":25},"end":{"line":41,"column":26}},"loc":{"start":{"line":41,"column":31},"end":{"line":43,"column":5}},"line":41},"6":{"name":"(anonymous_6)","decl":{"start":{"line":42,"column":23},"end":{"line":42,"column":24}},"loc":{"start":{"line":42,"column":33},"end":{"line":42,"column":107}},"line":42},"7":{"name":"(anonymous_7)","decl":{"start":{"line":45,"column":29},"end":{"line":45,"column":30}},"loc":{"start":{"line":45,"column":35},"end":{"line":48,"column":5}},"line":45},"8":{"name":"(anonymous_8)","decl":{"start":{"line":47,"column":23},"end":{"line":47,"column":24}},"loc":{"start":{"line":47,"column":33},"end":{"line":47,"column":64}},"line":47},"9":{"name":"(anonymous_9)","decl":{"start":{"line":50,"column":23},"end":{"line":50,"column":24}},"loc":{"start":{"line":50,"column":34},"end":{"line":62,"column":5}},"line":50},"10":{"name":"(anonymous_10)","decl":{"start":{"line":64,"column":29},"end":{"line":64,"column":30}},"loc":{"start":{"line":64,"column":35},"end":{"line":68,"column":5}},"line":64},"11":{"name":"(anonymous_11)","decl":{"start":{"line":72,"column":22},"end":{"line":72,"column":23}},"loc":{"start":{"line":72,"column":28},"end":{"line":83,"column":5}},"line":72},"12":{"name":"(anonymous_12)","decl":{"start":{"line":102,"column":40},"end":{"line":102,"column":41}},"loc":{"start":{"line":103,"column":20},"end":{"line":112,"column":22}},"line":103}},"branchMap":{"0":{"loc":{"start":{"line":20,"column":8},"end":{"line":27,"column":9}},"type":"if","locations":[{"start":{"line":20,"column":8},"end":{"line":27,"column":9}},{"start":{"line":25,"column":15},"end":{"line":27,"column":9}}],"line":20},"1":{"loc":{"start":{"line":42,"column":33},"end":{"line":42,"column":107}},"type":"cond-expr","locations":[{"start":{"line":42,"column":92},"end":{"line":42,"column":96}},{"start":{"line":42,"column":99},"end":{"line":42,"column":107}}],"line":42},"2":{"loc":{"start":{"line":47,"column":33},"end":{"line":47,"column":64}},"type":"cond-expr","locations":[{"start":{"line":47,"column":45},"end":{"line":47,"column":53}},{"start":{"line":47,"column":56},"end":{"line":47,"column":64}}],"line":47},"3":{"loc":{"start":{"line":51,"column":8},"end":{"line":61,"column":9}},"type":"if","locations":[{"start":{"line":51,"column":8},"end":{"line":61,"column":9}},{"start":{"line":54,"column":15},"end":{"line":61,"column":9}}],"line":51},"4":{"loc":{"start":{"line":54,"column":15},"end":{"line":61,"column":9}},"type":"if","locations":[{"start":{"line":54,"column":15},"end":{"line":61,"column":9}},{"start":{"line":57,"column":15},"end":{"line":61,"column":9}}],"line":54}},"s":{"0":7,"1":7,"2":7,"3":7,"4":0,"5":0,"6":0,"7":0,"8":0,"9":7,"10":0,"11":7,"12":1,"13":7,"14":1,"15":1,"16":7,"17":0,"18":0,"19":7,"20":0,"21":0,"22":0,"23":0,"24":0,"25":0,"26":0,"27":0,"28":7,"29":8,"30":8,"31":8,"32":7,"33":1,"34":1,"35":1,"36":0,"37":0,"38":1,"39":7,"40":30},"f":{"0":7,"1":0,"2":0,"3":0,"4":1,"5":1,"6":1,"7":0,"8":0,"9":0,"10":8,"11":1,"12":30},"b":{"0":[0,0],"1":[1,0],"2":[0,0],"3":[0,0],"4":[0,0]},"_coverageSchema":"1a1c01bbd47fc00a2c39e90264f33305004495a9","hash":"105e3494117737e60008304957e75abd292b1657"}
}
