TN:
SF:src\App.js
FN:7,App
FN:18,(anonymous_1)
FN:22,(anonymous_2)
FN:24,(anonymous_3)
FN:29,(anonymous_4)
FN:34,(anonymous_5)
FN:38,(anonymous_6)
FN:39,(anonymous_7)
FN:45,(anonymous_8)
FN:47,(anonymous_9)
FN:55,(anonymous_10)
FN:63,(anonymous_11)
FN:76,(anonymous_12)
FN:84,(anonymous_13)
FNF:14
FNH:8
FNDA:6,App
FNDA:3,(anonymous_1)
FNDA:3,(anonymous_2)
FNDA:2,(anonymous_3)
FNDA:2,(anonymous_4)
FNDA:0,(anonymous_5)
FNDA:1,(anonymous_6)
FNDA:46,(anonymous_7)
FNDA:0,(anonymous_8)
FNDA:0,(anonymous_9)
FNDA:1,(anonymous_10)
FNDA:0,(anonymous_11)
FNDA:0,(anonymous_12)
FNDA:0,(anonymous_13)
DA:10,6
DA:13,6
DA:14,6
DA:15,6
DA:18,6
DA:19,3
DA:22,6
DA:23,3
DA:26,2
DA:27,0
DA:31,2
DA:32,2
DA:34,0
DA:38,6
DA:39,46
DA:41,1
DA:42,1
DA:45,6
DA:46,0
DA:47,0
DA:48,0
DA:49,0
DA:50,0
DA:52,0
DA:55,6
DA:57,1
DA:58,1
DA:60,0
DA:61,0
DA:63,0
DA:64,0
DA:67,0
DA:70,0
DA:72,0
DA:76,6
DA:78,0
DA:80,0
DA:84,0
DA:85,0
DA:89,0
DA:93,6
DA:95,6
LF:42
LH:22
BRDA:26,0,0,2
BRDA:26,0,1,0
BRDA:57,1,0,1
BRDA:57,1,1,0
BRDA:78,2,0,0
BRDA:78,2,1,0
BRDA:85,3,0,0
BRDA:85,3,1,0
BRDA:85,3,2,0
BRDA:93,4,0,0
BRDA:93,4,1,6
BRDA:114,5,0,6
BRDA:114,5,1,3
BRF:13
BRH:5
end_of_record
TN:
SF:src\index.js
FNF:0
FNH:0
DA:6,0
DA:7,0
LF:2
LH:0
BRF:0
BRH:0
end_of_record
TN:
SF:src\components\Pagination\Pagination.js
FN:5,(anonymous_0)
FN:9,(anonymous_1)
FN:12,(anonymous_2)
FN:14,(anonymous_3)
FN:37,(anonymous_4)
FNF:5
FNH:4
FNDA:7,(anonymous_0)
FNDA:7,(anonymous_1)
FNDA:35,(anonymous_2)
FNDA:0,(anonymous_3)
FNDA:35,(anonymous_4)
DA:5,3
DA:9,7
DA:10,7
DA:11,7
DA:12,35
DA:14,0
DA:17,7
DA:38,35
LF:8
LH:7
BRDA:10,0,0,7
BRDA:10,0,1,0
BRDA:23,1,0,7
BRDA:23,1,1,0
BRDA:31,2,0,7
BRDA:31,2,1,0
BRDA:41,3,0,7
BRDA:41,3,1,28
BRDA:51,4,0,0
BRDA:51,4,1,7
BRDA:59,5,0,0
BRDA:59,5,1,7
BRF:12
BRH:7
end_of_record
TN:
SF:src\components\SpecificUserData\SpecificUserData.js
FN:11,SpecificUserData
FN:21,(anonymous_1)
FN:24,(anonymous_2)
FN:26,(anonymous_3)
FN:39,(anonymous_4)
FN:59,(anonymous_5)
FN:81,(anonymous_6)
FN:90,(anonymous_7)
FN:99,(anonymous_8)
FN:106,(anonymous_9)
FNF:10
FNH:2
FNDA:32,SpecificUserData
FNDA:1,(anonymous_1)
FNDA:0,(anonymous_2)
FNDA:0,(anonymous_3)
FNDA:0,(anonymous_4)
FNDA:0,(anonymous_5)
FNDA:0,(anonymous_6)
FNDA:0,(anonymous_7)
FNDA:0,(anonymous_8)
FNDA:0,(anonymous_9)
DA:13,32
DA:14,31
DA:15,31
DA:17,31
DA:18,31
DA:19,31
DA:21,31
DA:22,1
DA:24,31
DA:25,0
DA:26,0
DA:27,0
DA:29,0
DA:31,0
DA:33,0
DA:39,31
DA:41,0
DA:46,0
DA:47,0
DA:48,0
DA:49,0
DA:51,0
DA:59,31
DA:60,0
DA:61,0
DA:65,31
DA:81,0
DA:90,0
DA:99,0
DA:106,0
LF:30
LH:12
BRDA:25,0,0,0
BRDA:25,0,1,0
BRDA:41,1,0,0
BRDA:41,1,1,0
BRDA:41,2,0,0
BRDA:41,2,1,0
BRDA:46,3,0,0
BRDA:46,3,1,0
BRDA:46,4,0,0
BRDA:46,4,1,0
BRDA:46,4,2,0
BRDA:78,5,0,0
BRDA:78,5,1,31
BRDA:78,6,0,31
BRDA:78,6,1,0
BRDA:79,7,0,0
BRDA:79,7,1,31
BRDA:79,8,0,31
BRDA:79,8,1,0
BRDA:87,9,0,0
BRDA:87,9,1,31
BRDA:87,10,0,31
BRDA:87,10,1,0
BRDA:88,11,0,0
BRDA:88,11,1,31
BRDA:88,12,0,31
BRDA:88,12,1,0
BRDA:96,13,0,0
BRDA:96,13,1,31
BRDA:96,14,0,31
BRDA:96,14,1,0
BRDA:97,15,0,0
BRDA:97,15,1,31
BRDA:97,16,0,31
BRDA:97,16,1,0
BRDA:103,17,0,0
BRDA:103,17,1,31
BRF:37
BRH:13
end_of_record
TN:
SF:src\components\UserData\UserData.js
FN:9,UserData
FN:18,(anonymous_1)
FN:21,(anonymous_2)
FN:33,(anonymous_3)
FN:37,(anonymous_4)
FN:41,(anonymous_5)
FN:42,(anonymous_6)
FN:45,(anonymous_7)
FN:47,(anonymous_8)
FN:50,(anonymous_9)
FN:64,(anonymous_10)
FN:72,(anonymous_11)
FN:102,(anonymous_12)
FNF:13
FNH:7
FNDA:7,UserData
FNDA:0,(anonymous_1)
FNDA:0,(anonymous_2)
FNDA:0,(anonymous_3)
FNDA:1,(anonymous_4)
FNDA:1,(anonymous_5)
FNDA:1,(anonymous_6)
FNDA:0,(anonymous_7)
FNDA:0,(anonymous_8)
FNDA:0,(anonymous_9)
FNDA:8,(anonymous_10)
FNDA:1,(anonymous_11)
FNDA:30,(anonymous_12)
DA:11,7
DA:15,7
DA:16,7
DA:18,7
DA:20,0
DA:21,0
DA:22,0
DA:24,0
DA:26,0
DA:33,7
DA:34,0
DA:37,7
DA:38,1
DA:41,7
DA:42,1
DA:45,7
DA:47,0
DA:50,7
DA:51,0
DA:52,0
DA:53,0
DA:54,0
DA:55,0
DA:56,0
DA:59,0
DA:60,0
DA:64,7
DA:65,8
DA:66,8
DA:67,8
DA:72,7
DA:73,1
DA:75,1
DA:76,1
DA:78,0
DA:79,0
DA:81,1
DA:85,7
DA:103,30
LF:39
LH:22
BRDA:20,0,0,0
BRDA:20,0,1,0
BRDA:42,1,0,1
BRDA:42,1,1,0
BRDA:47,2,0,0
BRDA:47,2,1,0
BRDA:51,3,0,0
BRDA:51,3,1,0
BRDA:54,4,0,0
BRDA:54,4,1,0
BRF:10
BRH:1
end_of_record
